<?xml version="1.0" encoding="UTF-8"?>
<!-- Generated by org.testng.reporters.JUnitXMLReporter -->
<testsuite ignored="0" hostname="DESKTOP-TDHOLHJ" failures="0" tests="4" name="Test" time="0.065" errors="0" timestamp="2026-09-22T21:13:11 IST">
  <testcase classname="pack1.ContactTest" name="createcontactTest" time="0.006"/>
  <testcase classname="pack1.ContactTest" name="modifycontactTest" time="0.001"/>
  <testcase classname="pack2.OrgTest" name="createOrgTest" time="0.002"/>
  <testcase classname="pack2.OrgTest" name="modifyOrgTest" time="0.001"/>
</testsuite> <!-- Test -->
