<?xml version="1.0" encoding="UTF-8"?>
<testng-results ignored="0" total="4" passed="4" failed="0" skipped="0">
  <reporter-output>
  </reporter-output>
  <suite started-at="2026-09-23T15:45:33 IST" name="Suite" finished-at="2026-09-23T15:45:33 IST" duration-ms="78">
    <groups>
    </groups>
    <test started-at="2026-09-23T15:45:33 IST" name="Test" finished-at="2026-09-23T15:45:33 IST" duration-ms="78">
      <class name="pack2.OrgTest">
        <test-method signature="createOrgTest()[pri:0, instance:pack2.OrgTest@4b168fa9]" started-at="2026-09-23T15:45:33 IST" name="createOrgTest" finished-at="2026-09-23T15:45:33 IST" duration-ms="2" status="PASS">
          <reporter-output>
          </reporter-output>
        </test-method> <!-- createOrgTest -->
        <test-method signature="modifyOrgTest()[pri:0, instance:pack2.OrgTest@4b168fa9]" started-at="2026-09-23T15:45:33 IST" name="modifyOrgTest" finished-at="2026-09-23T15:45:33 IST" duration-ms="1" status="PASS">
          <reporter-output>
          </reporter-output>
        </test-method> <!-- modifyOrgTest -->
      </class> <!-- pack2.OrgTest -->
      <class name="pack1.ContactTest">
        <test-method signature="createcontactTest()[pri:0, instance:pack1.ContactTest@50a7bc6e]" started-at="2026-09-23T15:45:33 IST" name="createcontactTest" finished-at="2026-09-23T15:45:33 IST" duration-ms="7" status="PASS">
          <reporter-output>
          </reporter-output>
        </test-method> <!-- createcontactTest -->
        <test-method signature="modifycontactTest()[pri:0, instance:pack1.ContactTest@50a7bc6e]" started-at="2026-09-23T15:45:33 IST" name="modifycontactTest" finished-at="2026-09-23T15:45:33 IST" duration-ms="1" status="PASS">
          <reporter-output>
          </reporter-output>
        </test-method> <!-- modifycontactTest -->
      </class> <!-- pack1.ContactTest -->
    </test> <!-- Test -->
  </suite> <!-- Suite -->
</testng-results>
